This is pdfTeX, Version 3.14159265-2.6-1.40.21 (TeX Live 2020) (preloaded format=pdflatex 2020.12.18)  22 DEC 2020 17:11
entering extended mode
 restricted \write18 enabled.
 %&-line parsing enabled.
**report.tex
(./report.tex
LaTeX2e <2020-10-01> patch level 2
L3 programming layer <2020-12-07> xparse <2020-03-03> (/Users/xeon/Library/Tiny
TeX/texmf-dist/tex/latex/base/article.cls
Document Class: article 2020/04/10 v1.4m Standard LaTeX document class
(/Users/xeon/Library/TinyTeX/texmf-dist/tex/latex/base/size12.clo
File: size12.clo 2020/04/10 v1.4m Standard LaTeX file (size option)
)
\c@part=\count177
\c@section=\count178
\c@subsection=\count179
\c@subsubsection=\count180
\c@paragraph=\count181
\c@subparagraph=\count182
\c@figure=\count183
\c@table=\count184
\abovecaptionskip=\skip47
\belowcaptionskip=\skip48
\bibindent=\dimen138
) (/Users/xeon/Library/TinyTeX/texmf-dist/tex/latex/lm/lmodern.sty
Package: lmodern 2009/10/30 v1.6 Latin Modern Fonts
LaTeX Font Info:    Overwriting symbol font `operators' in version `normal'
(Font)                  OT1/cmr/m/n --> OT1/lmr/m/n on input line 22.
LaTeX Font Info:    Overwriting symbol font `letters' in version `normal'
(Font)                  OML/cmm/m/it --> OML/lmm/m/it on input line 23.
LaTeX Font Info:    Overwriting symbol font `symbols' in version `normal'
(Font)                  OMS/cmsy/m/n --> OMS/lmsy/m/n on input line 24.
LaTeX Font Info:    Overwriting symbol font `largesymbols' in version `normal'
(Font)                  OMX/cmex/m/n --> OMX/lmex/m/n on input line 25.
LaTeX Font Info:    Overwriting symbol font `operators' in version `bold'
(Font)                  OT1/cmr/bx/n --> OT1/lmr/bx/n on input line 26.
LaTeX Font Info:    Overwriting symbol font `letters' in version `bold'
(Font)                  OML/cmm/b/it --> OML/lmm/b/it on input line 27.
LaTeX Font Info:    Overwriting symbol font `symbols' in version `bold'
(Font)                  OMS/cmsy/b/n --> OMS/lmsy/b/n on input line 28.
LaTeX Font Info:    Overwriting symbol font `largesymbols' in version `bold'
(Font)                  OMX/cmex/m/n --> OMX/lmex/m/n on input line 29.
LaTeX Font Info:    Overwriting math alphabet `\mathbf' in version `normal'
(Font)                  OT1/cmr/bx/n --> OT1/lmr/bx/n on input line 31.
LaTeX Font Info:    Overwriting math alphabet `\mathsf' in version `normal'
(Font)                  OT1/cmss/m/n --> OT1/lmss/m/n on input line 32.
LaTeX Font Info:    Overwriting math alphabet `\mathit' in version `normal'
(Font)                  OT1/cmr/m/it --> OT1/lmr/m/it on input line 33.
LaTeX Font Info:    Overwriting math alphabet `\mathtt' in version `normal'
(Font)                  OT1/cmtt/m/n --> OT1/lmtt/m/n on input line 34.
LaTeX Font Info:    Overwriting math alphabet `\mathbf' in version `bold'
(Font)                  OT1/cmr/bx/n --> OT1/lmr/bx/n on input line 35.
LaTeX Font Info:    Overwriting math alphabet `\mathsf' in version `bold'
(Font)                  OT1/cmss/bx/n --> OT1/lmss/bx/n on input line 36.
LaTeX Font Info:    Overwriting math alphabet `\mathit' in version `bold'
(Font)                  OT1/cmr/bx/it --> OT1/lmr/bx/it on input line 37.
LaTeX Font Info:    Overwriting math alphabet `\mathtt' in version `bold'
(Font)                  OT1/cmtt/m/n --> OT1/lmtt/m/n on input line 38.
) (/Users/xeon/Library/TinyTeX/texmf-dist/tex/latex/amsfonts/amssymb.sty
Package: amssymb 2013/01/14 v3.01 AMS font symbols
(/Users/xeon/Library/TinyTeX/texmf-dist/tex/latex/amsfonts/amsfonts.sty
Package: amsfonts 2013/01/14 v3.01 Basic AMSFonts support
\@emptytoks=\toks15
\symAMSa=\mathgroup4
\symAMSb=\mathgroup5
LaTeX Font Info:    Redeclaring math symbol \hbar on input line 98.
LaTeX Font Info:    Overwriting math alphabet `\mathfrak' in version `bold'
(Font)                  U/euf/m/n --> U/euf/b/n on input line 106.
)) (/Users/xeon/Library/TinyTeX/texmf-dist/tex/latex/amsmath/amsmath.sty
Package: amsmath 2020/09/23 v2.17i AMS math features
\@mathmargin=\skip49
For additional information on amsmath, use the `?' option.
(/Users/xeon/Library/TinyTeX/texmf-dist/tex/latex/amsmath/amstext.sty
Package: amstext 2000/06/29 v2.01 AMS text
(/Users/xeon/Library/TinyTeX/texmf-dist/tex/latex/amsmath/amsgen.sty
File: amsgen.sty 1999/11/30 v2.0 generic functions
\@emptytoks=\toks16
\ex@=\dimen139
)) (/Users/xeon/Library/TinyTeX/texmf-dist/tex/latex/amsmath/amsbsy.sty
Package: amsbsy 1999/11/29 v1.2d Bold Symbols
\pmbraise@=\dimen140
) (/Users/xeon/Library/TinyTeX/texmf-dist/tex/latex/amsmath/amsopn.sty
Package: amsopn 2016/03/08 v2.02 operator names
)
\inf@bad=\count185
LaTeX Info: Redefining \frac on input line 234.
\uproot@=\count186
\leftroot@=\count187
LaTeX Info: Redefining \overline on input line 399.
\classnum@=\count188
\DOTSCASE@=\count189
LaTeX Info: Redefining \ldots on input line 496.
LaTeX Info: Redefining \dots on input line 499.
LaTeX Info: Redefining \cdots on input line 620.
\Mathstrutbox@=\box47
\strutbox@=\box48
\big@size=\dimen141
LaTeX Font Info:    Redeclaring font encoding OML on input line 743.
LaTeX Font Info:    Redeclaring font encoding OMS on input line 744.
\macc@depth=\count190
\c@MaxMatrixCols=\count191
\dotsspace@=\muskip16
\c@parentequation=\count192
\dspbrk@lvl=\count193
\tag@help=\toks17
\row@=\count194
\column@=\count195
\maxfields@=\count196
\andhelp@=\toks18
\eqnshift@=\dimen142
\alignsep@=\dimen143
\tagshift@=\dimen144
\tagwidth@=\dimen145
\totwidth@=\dimen146
\lineht@=\dimen147
\@envbody=\toks19
\multlinegap=\skip50
\multlinetaggap=\skip51
\mathdisplay@stack=\toks20
LaTeX Info: Redefining \[ on input line 2923.
LaTeX Info: Redefining \] on input line 2924.
) (/Users/xeon/Library/TinyTeX/texmf-dist/tex/generic/iftex/ifxetex.sty
Package: ifxetex 2019/10/25 v0.7 ifxetex legacy package. Use iftex instead.
(/Users/xeon/Library/TinyTeX/texmf-dist/tex/generic/iftex/iftex.sty
Package: iftex 2020/03/06 v1.0d TeX engine tests
)) (/Users/xeon/Library/TinyTeX/texmf-dist/tex/generic/iftex/ifluatex.sty
Package: ifluatex 2019/10/25 v1.5 ifluatex legacy package. Use iftex instead.
) (/Users/xeon/Library/TinyTeX/texmf-dist/tex/latex/base/fontenc.sty
Package: fontenc 2020/08/10 v2.0s Standard LaTeX package
LaTeX Font Info:    Trying to load font information for T1+lmr on input line 11
2.
(/Users/xeon/Library/TinyTeX/texmf-dist/tex/latex/lm/t1lmr.fd
File: t1lmr.fd 2009/10/30 v1.6 Font defs for Latin Modern
)) (/Users/xeon/Library/TinyTeX/texmf-dist/tex/latex/base/inputenc.sty
Package: inputenc 2020/08/01 v1.3d Input encoding file
\inpenc@prehook=\toks21
\inpenc@posthook=\toks22
) (/Users/xeon/Library/TinyTeX/texmf-dist/tex/latex/base/textcomp.sty
Package: textcomp 2020/02/02 v2.0n Standard LaTeX package
) (/Users/xeon/Library/TinyTeX/texmf-dist/tex/latex/xcolor/xcolor.sty
Package: xcolor 2016/05/11 v2.12 LaTeX color extensions (UK)
(/Users/xeon/Library/TinyTeX/texmf-dist/tex/latex/graphics-cfg/color.cfg
File: color.cfg 2016/01/02 v1.6 sample color configuration
)
Package xcolor Info: Driver file: pdftex.def on input line 225.
(/Users/xeon/Library/TinyTeX/texmf-dist/tex/latex/graphics-def/pdftex.def
File: pdftex.def 2020/10/05 v1.2a Graphics/color driver for pdftex
)
Package xcolor Info: Model `cmy' substituted by `cmy0' on input line 1348.
Package xcolor Info: Model `hsb' substituted by `rgb' on input line 1352.
Package xcolor Info: Model `RGB' extended on input line 1364.
Package xcolor Info: Model `HTML' substituted by `rgb' on input line 1366.
Package xcolor Info: Model `Hsb' substituted by `hsb' on input line 1367.
Package xcolor Info: Model `tHsb' substituted by `hsb' on input line 1368.
Package xcolor Info: Model `HSB' substituted by `hsb' on input line 1369.
Package xcolor Info: Model `Gray' substituted by `gray' on input line 1370.
Package xcolor Info: Model `wave' substituted by `hsb' on input line 1371.
) (/Users/xeon/Library/TinyTeX/texmf-dist/tex/latex/hyperref/hyperref.sty
Package: hyperref 2020-05-15 v7.00e Hypertext links for LaTeX
(/Users/xeon/Library/TinyTeX/texmf-dist/tex/generic/ltxcmds/ltxcmds.sty
Package: ltxcmds 2020-05-10 v1.25 LaTeX kernel commands for general use (HO)
) (/Users/xeon/Library/TinyTeX/texmf-dist/tex/generic/pdftexcmds/pdftexcmds.sty
Package: pdftexcmds 2020-06-27 v0.33 Utility functions of pdfTeX for LuaTeX (HO
)
(/Users/xeon/Library/TinyTeX/texmf-dist/tex/generic/infwarerr/infwarerr.sty
Package: infwarerr 2019/12/03 v1.5 Providing info/warning/error messages (HO)
)
Package pdftexcmds Info: \pdf@primitive is available.
Package pdftexcmds Info: \pdf@ifprimitive is available.
Package pdftexcmds Info: \pdfdraftmode found.
) (/Users/xeon/Library/TinyTeX/texmf-dist/tex/latex/graphics/keyval.sty
Package: keyval 2014/10/28 v1.15 key=value parser (DPC)
\KV@toks@=\toks23
) (/Users/xeon/Library/TinyTeX/texmf-dist/tex/generic/kvsetkeys/kvsetkeys.sty
Package: kvsetkeys 2019/12/15 v1.18 Key value parser (HO)
)
(/Users/xeon/Library/TinyTeX/texmf-dist/tex/generic/kvdefinekeys/kvdefinekeys.s
ty
Package: kvdefinekeys 2019-12-19 v1.6 Define keys (HO)
) (/Users/xeon/Library/TinyTeX/texmf-dist/tex/generic/pdfescape/pdfescape.sty
Package: pdfescape 2019/12/09 v1.15 Implements pdfTeX's escape features (HO)
) (/Users/xeon/Library/TinyTeX/texmf-dist/tex/latex/hycolor/hycolor.sty
Package: hycolor 2020-01-27 v1.10 Color options for hyperref/bookmark (HO)
) (/Users/xeon/Library/TinyTeX/texmf-dist/tex/latex/letltxmacro/letltxmacro.sty
Package: letltxmacro 2019/12/03 v1.6 Let assignment for LaTeX macros (HO)
) (/Users/xeon/Library/TinyTeX/texmf-dist/tex/latex/auxhook/auxhook.sty
Package: auxhook 2019-12-17 v1.6 Hooks for auxiliary files (HO)
) (/Users/xeon/Library/TinyTeX/texmf-dist/tex/latex/kvoptions/kvoptions.sty
Package: kvoptions 2020-10-07 v3.14 Key value format for package options (HO)
)
\@linkdim=\dimen148
\Hy@linkcounter=\count197
\Hy@pagecounter=\count198
(/Users/xeon/Library/TinyTeX/texmf-dist/tex/latex/hyperref/pd1enc.def
File: pd1enc.def 2020-05-15 v7.00e Hyperref: PDFDocEncoding definition (HO)
Now handling font encoding PD1 ...
... no UTF-8 mapping file for font encoding PD1
) (/Users/xeon/Library/TinyTeX/texmf-dist/tex/generic/intcalc/intcalc.sty
Package: intcalc 2019/12/15 v1.3 Expandable calculations with integers (HO)
) (/Users/xeon/Library/TinyTeX/texmf-dist/tex/generic/etexcmds/etexcmds.sty
Package: etexcmds 2019/12/15 v1.7 Avoid name clashes with e-TeX commands (HO)
)
\Hy@SavedSpaceFactor=\count199
Package hyperref Info: Option `unicode' set `true' on input line 4338.
(/Users/xeon/Library/TinyTeX/texmf-dist/tex/latex/hyperref/puenc.def
File: puenc.def 2020-05-15 v7.00e Hyperref: PDF Unicode definition (HO)
Now handling font encoding PU ...
... no UTF-8 mapping file for font encoding PU
)
Package hyperref Info: Hyper figures OFF on input line 4464.
Package hyperref Info: Link nesting OFF on input line 4469.
Package hyperref Info: Hyper index ON on input line 4472.
Package hyperref Info: Plain pages OFF on input line 4479.
Package hyperref Info: Backreferencing OFF on input line 4484.
Package hyperref Info: Implicit mode ON; LaTeX internals redefined.
Package hyperref Info: Bookmarks ON on input line 4717.
\c@Hy@tempcnt=\count266
(/Users/xeon/Library/TinyTeX/texmf-dist/tex/latex/url/url.sty
\Urlmuskip=\muskip17
Package: url 2013/09/16  ver 3.4  Verb mode for urls, etc.
)
LaTeX Info: Redefining \url on input line 5076.
\XeTeXLinkMargin=\dimen149
(/Users/xeon/Library/TinyTeX/texmf-dist/tex/generic/bitset/bitset.sty
Package: bitset 2019/12/09 v1.3 Handle bit-vector datatype (HO)
(/Users/xeon/Library/TinyTeX/texmf-dist/tex/generic/bigintcalc/bigintcalc.sty
Package: bigintcalc 2019/12/15 v1.5 Expandable calculations on big integers (HO
)
))
\Fld@menulength=\count267
\Field@Width=\dimen150
\Fld@charsize=\dimen151
Package hyperref Info: Hyper figures OFF on input line 6347.
Package hyperref Info: Link nesting OFF on input line 6352.
Package hyperref Info: Hyper index ON on input line 6355.
Package hyperref Info: backreferencing OFF on input line 6362.
Package hyperref Info: Link coloring OFF on input line 6367.
Package hyperref Info: Link coloring with OCG OFF on input line 6372.
Package hyperref Info: PDF/A mode OFF on input line 6377.
LaTeX Info: Redefining \ref on input line 6417.
LaTeX Info: Redefining \pageref on input line 6421.
(/Users/xeon/Library/TinyTeX/texmf-dist/tex/latex/base/atbegshi-ltx.sty
Package: atbegshi-ltx 2020/08/17 v1.0a Emulation of the original atbegshi packa
ge
with kernel methods
)
\Hy@abspage=\count268
\c@Item=\count269
\c@Hfootnote=\count270
)
Package hyperref Info: Driver (autodetected): hpdftex.
(/Users/xeon/Library/TinyTeX/texmf-dist/tex/latex/hyperref/hpdftex.def
File: hpdftex.def 2020-05-15 v7.00e Hyperref driver for pdfTeX
(/Users/xeon/Library/TinyTeX/texmf-dist/tex/latex/base/atveryend-ltx.sty
Package: atveryend-ltx 2020/08/19 v1.0a Emulation of the original atvery packag
e
with kernel methods
)
\Fld@listcount=\count271
\c@bookmark@seq@number=\count272

(/Users/xeon/Library/TinyTeX/texmf-dist/tex/latex/rerunfilecheck/rerunfilecheck
.sty
Package: rerunfilecheck 2019/12/05 v1.9 Rerun checks for auxiliary files (HO)

(/Users/xeon/Library/TinyTeX/texmf-dist/tex/generic/uniquecounter/uniquecounter
.sty
Package: uniquecounter 2019/12/15 v1.4 Provide unlimited unique counter (HO)
)
Package uniquecounter Info: New unique counter `rerunfilecheck' on input line 2
86.
)
\Hy@SectionHShift=\skip52
) (/Users/xeon/Library/TinyTeX/texmf-dist/tex/latex/geometry/geometry.sty
Package: geometry 2020/01/02 v5.9 Page Geometry
(/Users/xeon/Library/TinyTeX/texmf-dist/tex/generic/iftex/ifvtex.sty
Package: ifvtex 2019/10/25 v1.7 ifvtex legacy package. Use iftex instead.
)
\Gm@cnth=\count273
\Gm@cntv=\count274
\c@Gm@tempcnt=\count275
\Gm@bindingoffset=\dimen152
\Gm@wd@mp=\dimen153
\Gm@odd@mp=\dimen154
\Gm@even@mp=\dimen155
\Gm@layoutwidth=\dimen156
\Gm@layoutheight=\dimen157
\Gm@layouthoffset=\dimen158
\Gm@layoutvoffset=\dimen159
\Gm@dimlist=\toks24
) (/Users/xeon/Library/TinyTeX/texmf-dist/tex/latex/graphics/graphicx.sty
Package: graphicx 2020/09/09 v1.2b Enhanced LaTeX Graphics (DPC,SPQR)
(/Users/xeon/Library/TinyTeX/texmf-dist/tex/latex/graphics/graphics.sty
Package: graphics 2020/08/30 v1.4c Standard LaTeX Graphics (DPC,SPQR)
(/Users/xeon/Library/TinyTeX/texmf-dist/tex/latex/graphics/trig.sty
Package: trig 2016/01/03 v1.10 sin cos tan (DPC)
) (/Users/xeon/Library/TinyTeX/texmf-dist/tex/latex/graphics-cfg/graphics.cfg
File: graphics.cfg 2016/06/04 v1.11 sample graphics configuration
)
Package graphics Info: Driver file: pdftex.def on input line 105.
)
\Gin@req@height=\dimen160
\Gin@req@width=\dimen161
) (/Users/xeon/Library/TinyTeX/texmf-dist/tex/latex/grffile/grffile.sty
Package: grffile 2019/11/11 v2.1 Extended file name support for graphics (legac
y)
Package grffile Info: This package is an empty stub for compatibility on input 
line 40.
) (/Users/xeon/Library/TinyTeX/texmf-dist/tex/latex/float/float.sty
Package: float 2001/11/08 v1.3d Float enhancements (AL)
\c@float@type=\count276
\float@exts=\toks25
\float@box=\box49
\@float@everytoks=\toks26
\@floatcapt=\box50
)
(/Users/xeon/Library/TinyTeX/texmf-dist/tex/latex/l3backend/l3backend-pdftex.de
f
File: l3backend-pdftex.def 2020-09-24 L3 backend support: PDF output (pdfTeX)
\l__kernel_color_stack_int=\count277
\l__pdf_internal_box=\box51
) (./report.aux)
\openout1 = `report.aux'.

LaTeX Font Info:    Checking defaults for OML/cmm/m/it on input line 73.
LaTeX Font Info:    ... okay on input line 73.
LaTeX Font Info:    Checking defaults for OMS/cmsy/m/n on input line 73.
LaTeX Font Info:    ... okay on input line 73.
LaTeX Font Info:    Checking defaults for OT1/cmr/m/n on input line 73.
LaTeX Font Info:    ... okay on input line 73.
LaTeX Font Info:    Checking defaults for T1/cmr/m/n on input line 73.
LaTeX Font Info:    ... okay on input line 73.
LaTeX Font Info:    Checking defaults for TS1/cmr/m/n on input line 73.
LaTeX Font Info:    ... okay on input line 73.
LaTeX Font Info:    Checking defaults for OMX/cmex/m/n on input line 73.
LaTeX Font Info:    ... okay on input line 73.
LaTeX Font Info:    Checking defaults for U/cmr/m/n on input line 73.
LaTeX Font Info:    ... okay on input line 73.
LaTeX Font Info:    Checking defaults for PD1/pdf/m/n on input line 73.
LaTeX Font Info:    ... okay on input line 73.
LaTeX Font Info:    Checking defaults for PU/pdf/m/n on input line 73.
LaTeX Font Info:    ... okay on input line 73.

(/Users/xeon/Library/TinyTeX/texmf-dist/tex/latex/epstopdf-pkg/epstopdf-base.st
y
Package: epstopdf-base 2020-01-24 v2.11 Base part for package epstopdf
Package epstopdf-base Info: Redefining graphics rule for `.eps' on input line 4
85.
(/Users/xeon/Library/TinyTeX/texmf-dist/tex/latex/latexconfig/epstopdf-sys.cfg
File: epstopdf-sys.cfg 2010/07/13 v1.3 Configuration of (r)epstopdf for TeX Liv
e
))
Package hyperref Info: Link coloring OFF on input line 73.
(/Users/xeon/Library/TinyTeX/texmf-dist/tex/latex/hyperref/nameref.sty
Package: nameref 2019/09/16 v2.46 Cross-referencing by name of section
(/Users/xeon/Library/TinyTeX/texmf-dist/tex/latex/refcount/refcount.sty
Package: refcount 2019/12/15 v3.6 Data extraction from label references (HO)
)
(/Users/xeon/Library/TinyTeX/texmf-dist/tex/generic/gettitlestring/gettitlestri
ng.sty
Package: gettitlestring 2019/12/15 v1.6 Cleanup title references (HO)
)
\c@section@level=\count278
)
LaTeX Info: Redefining \ref on input line 73.
LaTeX Info: Redefining \pageref on input line 73.
LaTeX Info: Redefining \nameref on input line 73.
(./report.out) (./report.out)
\@outlinefile=\write3
\openout3 = `report.out'.

*geometry* driver: auto-detecting
*geometry* detected driver: pdftex
*geometry* verbose mode - [ preamble ] result:
* driver: pdftex
* paper: <default>
* layout: <same size as paper>
* layoutoffset:(h,v)=(0.0pt,0.0pt)
* modes: 
* h-part:(L,W,R)=(72.26999pt, 469.75502pt, 72.26999pt)
* v-part:(T,H,B)=(72.26999pt, 650.43001pt, 72.26999pt)
* \paperwidth=614.295pt
* \paperheight=794.96999pt
* \textwidth=469.75502pt
* \textheight=650.43001pt
* \oddsidemargin=0.0pt
* \evensidemargin=0.0pt
* \topmargin=-37.0pt
* \headheight=12.0pt
* \headsep=25.0pt
* \topskip=12.0pt
* \footskip=30.0pt
* \marginparwidth=44.0pt
* \marginparsep=10.0pt
* \columnsep=10.0pt
* \skip\footins=10.8pt plus 4.0pt minus 2.0pt
* \hoffset=0.0pt
* \voffset=0.0pt
* \mag=1000
* \@twocolumnfalse
* \@twosidefalse
* \@mparswitchfalse
* \@reversemarginfalse
* (1in=72.27pt=25.4mm, 1cm=28.453pt)

LaTeX Font Info:    Trying to load font information for OT1+lmr on input line 7
5.
(/Users/xeon/Library/TinyTeX/texmf-dist/tex/latex/lm/ot1lmr.fd
File: ot1lmr.fd 2009/10/30 v1.6 Font defs for Latin Modern
)
LaTeX Font Info:    Trying to load font information for OML+lmm on input line 7
5.
(/Users/xeon/Library/TinyTeX/texmf-dist/tex/latex/lm/omllmm.fd
File: omllmm.fd 2009/10/30 v1.6 Font defs for Latin Modern
)
LaTeX Font Info:    Trying to load font information for OMS+lmsy on input line 
75.
(/Users/xeon/Library/TinyTeX/texmf-dist/tex/latex/lm/omslmsy.fd
File: omslmsy.fd 2009/10/30 v1.6 Font defs for Latin Modern
)
LaTeX Font Info:    Trying to load font information for OMX+lmex on input line 
75.
(/Users/xeon/Library/TinyTeX/texmf-dist/tex/latex/lm/omxlmex.fd
File: omxlmex.fd 2009/10/30 v1.6 Font defs for Latin Modern
)
LaTeX Font Info:    External font `lmex10' loaded for size
(Font)              <20.74> on input line 75.
LaTeX Font Info:    External font `lmex10' loaded for size
(Font)              <14.4> on input line 75.
LaTeX Font Info:    External font `lmex10' loaded for size
(Font)              <12> on input line 75.
LaTeX Font Info:    Trying to load font information for U+msa on input line 75.

(/Users/xeon/Library/TinyTeX/texmf-dist/tex/latex/amsfonts/umsa.fd
File: umsa.fd 2013/01/14 v3.01 AMS symbols A
)
LaTeX Font Info:    Trying to load font information for U+msb on input line 75.

(/Users/xeon/Library/TinyTeX/texmf-dist/tex/latex/amsfonts/umsb.fd
File: umsb.fd 2013/01/14 v3.01 AMS symbols B
)
LaTeX Font Info:    Trying to load font information for TS1+lmr on input line 7
5.
(/Users/xeon/Library/TinyTeX/texmf-dist/tex/latex/lm/ts1lmr.fd
File: ts1lmr.fd 2009/10/30 v1.6 Font defs for Latin Modern
)
LaTeX Font Info:    External font `lmex10' loaded for size
(Font)              <10> on input line 75.
LaTeX Font Info:    External font `lmex10' loaded for size
(Font)              <7> on input line 75.
LaTeX Font Info:    External font `lmex10' loaded for size
(Font)              <5> on input line 75.
[1

{/Users/xeon/Library/TinyTeX/texmf-var/fonts/map/pdftex/updmap/pdftex.map}]
<report_files/figure-latex/makeGraph1-1.pdf, id=54, 433.62pt x 289.08pt>
File: report_files/figure-latex/makeGraph1-1.pdf Graphic file (type pdf)
<use report_files/figure-latex/makeGraph1-1.pdf>
Package pdftex.def Info: report_files/figure-latex/makeGraph1-1.pdf  used on in
put line 144.
(pdftex.def)             Requested size: 433.63878pt x 289.09251pt.
[2]
<report_files/figure-latex/makeGraph2-1.pdf, id=61, 1084.05pt x 578.16pt>
File: report_files/figure-latex/makeGraph2-1.pdf Graphic file (type pdf)
<use report_files/figure-latex/makeGraph2-1.pdf>
Package pdftex.def Info: report_files/figure-latex/makeGraph2-1.pdf  used on in
put line 153.
(pdftex.def)             Requested size: 469.75496pt x 250.53596pt.

Underfull \hbox (badness 10000) in paragraph at lines 153--153
[][]
 []

[3pdfTeX warning (ext4): destination with the same identifier (name{figure.1}) 
has been already used, duplicate ignored
<argument> ...shipout:D \box_use:N \l_shipout_box 
                                                  
l.155 
       <./report_files/figure-latex/makeGraph1-1.pdf>]
<report_files/figure-latex/makeGraph3-1.pdf, id=72, 1084.05pt x 578.16pt>
File: report_files/figure-latex/makeGraph3-1.pdf Graphic file (type pdf)
<use report_files/figure-latex/makeGraph3-1.pdf>
Package pdftex.def Info: report_files/figure-latex/makeGraph3-1.pdf  used on in
put line 161.
(pdftex.def)             Requested size: 469.75496pt x 250.53596pt.

Underfull \hbox (badness 10000) in paragraph at lines 161--161
[][]
 []

[4pdfTeX warning (ext4): destination with the same identifier (name{figure.2}) 
has been already used, duplicate ignored
<argument> ...shipout:D \box_use:N \l_shipout_box 
                                                  
l.163 
       <./report_files/figure-latex/makeGraph2-1.pdf>]
<report_files/figure-latex/makeGraph4-1.pdf, id=83, 1084.05pt x 578.16pt>
File: report_files/figure-latex/makeGraph4-1.pdf Graphic file (type pdf)
<use report_files/figure-latex/makeGraph4-1.pdf>
Package pdftex.def Info: report_files/figure-latex/makeGraph4-1.pdf  used on in
put line 169.
(pdftex.def)             Requested size: 469.75496pt x 250.53596pt.

Underfull \hbox (badness 10000) in paragraph at lines 169--169
[][]
 []

[5pdfTeX warning (ext4): destination with the same identifier (name{figure.3}) 
has been already used, duplicate ignored
<argument> ...shipout:D \box_use:N \l_shipout_box 
                                                  
l.176 
      pdfTeX warning (ext4): destination with the same identifier (name{figure.
4}) has been already used, duplicate ignored
<argument> ...shipout:D \box_use:N \l_shipout_box 
                                                  
l.176 
       <./report_files/figure-latex/makeGraph3-1.pdf> <./report_files/figure-la
tex/makeGraph4-1.pdf>]
<report_files/figure-latex/makeGraph5-1.pdf, id=100, 433.62pt x 289.08pt>
File: report_files/figure-latex/makeGraph5-1.pdf Graphic file (type pdf)
<use report_files/figure-latex/makeGraph5-1.pdf>
Package pdftex.def Info: report_files/figure-latex/makeGraph5-1.pdf  used on in
put line 206.
(pdftex.def)             Requested size: 433.63878pt x 289.09251pt.
[6]
<report_files/figure-latex/makeGraph6-1.pdf, id=106, 433.62pt x 289.08pt>
File: report_files/figure-latex/makeGraph6-1.pdf Graphic file (type pdf)
<use report_files/figure-latex/makeGraph6-1.pdf>
Package pdftex.def Info: report_files/figure-latex/makeGraph6-1.pdf  used on in
put line 210.
(pdftex.def)             Requested size: 433.63878pt x 289.09251pt.
[7pdfTeX warning (ext4): destination with the same identifier (name{figure.5}) 
has been already used, duplicate ignored
<argument> ...shipout:D \box_use:N \l_shipout_box 
                                                  
l.212 
       <./report_files/figure-latex/makeGraph5-1.pdf>]
<report_files/figure-latex/makeGraph7-1.pdf, id=118, 867.24pt x 578.16pt>
File: report_files/figure-latex/makeGraph7-1.pdf Graphic file (type pdf)
<use report_files/figure-latex/makeGraph7-1.pdf>
Package pdftex.def Info: report_files/figure-latex/makeGraph7-1.pdf  used on in
put line 214.
(pdftex.def)             Requested size: 469.75827pt x 313.17216pt.
[8pdfTeX warning (ext4): destination with the same identifier (name{figure.6}) 
has been already used, duplicate ignored
<argument> ...shipout:D \box_use:N \l_shipout_box 
                                                  
l.216 
       <./report_files/figure-latex/makeGraph6-1.pdf>]
<report_files/figure-latex/makeGraph8-1.pdf, id=129, 578.16pt x 433.62pt>
File: report_files/figure-latex/makeGraph8-1.pdf Graphic file (type pdf)
<use report_files/figure-latex/makeGraph8-1.pdf>
Package pdftex.def Info: report_files/figure-latex/makeGraph8-1.pdf  used on in
put line 218.
(pdftex.def)             Requested size: 469.75385pt x 352.31538pt.

Underfull \hbox (badness 10000) in paragraph at lines 218--218
[][]
 []

[9pdfTeX warning (ext4): destination with the same identifier (name{figure.7}) 
has been already used, duplicate ignored
<argument> ...shipout:D \box_use:N \l_shipout_box 
                                                  
l.220 
       <./report_files/figure-latex/makeGraph7-1.pdf>]
LaTeX Font Info:    External font `lmex10' loaded for size
(Font)              <8> on input line 241.
LaTeX Font Info:    External font `lmex10' loaded for size
(Font)              <6> on input line 241.
[10pdfTeX warning (ext4): destination with the same identifier (name{figure.8})
 has been already used, duplicate ignored
<argument> ...shipout:D \box_use:N \l_shipout_box 
                                                  
l.241 ...ta_1x_1 + \beta_2x_2 + ... + \beta_kx_k\]
                                                   <./report_files/figure-latex
/makeGraph8-1.pdf>]

LaTeX Warning: Command \textellipsis invalid in math mode on input line 251.


LaTeX Warning: Command \textellipsis invalid in math mode on input line 251.


LaTeX Warning: Command \textellipsis invalid in math mode on input line 251.

<report_files/figure-latex/makeGraph9-1.pdf, id=152, 1156.32pt x 433.62pt>
File: report_files/figure-latex/makeGraph9-1.pdf Graphic file (type pdf)
<use report_files/figure-latex/makeGraph9-1.pdf>
Package pdftex.def Info: report_files/figure-latex/makeGraph9-1.pdf  used on in
put line 266.
(pdftex.def)             Requested size: 469.75385pt x 176.15768pt.

Underfull \hbox (badness 10000) in paragraph at lines 266--266
[][]
 []

<report_files/figure-latex/makeGraph10-1.pdf, id=153, 1156.32pt x 433.62pt>
File: report_files/figure-latex/makeGraph10-1.pdf Graphic file (type pdf)
<use report_files/figure-latex/makeGraph10-1.pdf>
Package pdftex.def Info: report_files/figure-latex/makeGraph10-1.pdf  used on i
nput line 270.
(pdftex.def)             Requested size: 469.75385pt x 176.15768pt.

Underfull \hbox (badness 10000) in paragraph at lines 270--270
[][]
 []

[11pdfTeX warning (ext4): destination with the same identifier (name{figure.9})
 has been already used, duplicate ignored
<argument> ...shipout:D \box_use:N \l_shipout_box 
                                                  
l.272 
       <./report_files/figure-latex/makeGraph9-1.pdf>]
<report_files/figure-latex/makeGraph11-1.pdf, id=171, 1156.32pt x 433.62pt>
File: report_files/figure-latex/makeGraph11-1.pdf Graphic file (type pdf)
<use report_files/figure-latex/makeGraph11-1.pdf>
Package pdftex.def Info: report_files/figure-latex/makeGraph11-1.pdf  used on i
nput line 274.
(pdftex.def)             Requested size: 469.75385pt x 176.15768pt.

Underfull \hbox (badness 10000) in paragraph at lines 274--274
[][]
 []

<report_files/figure-latex/makeGraph12-1.pdf, id=172, 1156.32pt x 433.62pt>
File: report_files/figure-latex/makeGraph12-1.pdf Graphic file (type pdf)
<use report_files/figure-latex/makeGraph12-1.pdf>
Package pdftex.def Info: report_files/figure-latex/makeGraph12-1.pdf  used on i
nput line 278.
(pdftex.def)             Requested size: 469.75385pt x 176.15768pt.

Underfull \hbox (badness 10000) in paragraph at lines 278--278
[][]
 []

[12pdfTeX warning (ext4): destination with the same identifier (name{figure.10}
) has been already used, duplicate ignored
<argument> ...shipout:D \box_use:N \l_shipout_box 
                                                  
l.280 
      pdfTeX warning (ext4): destination with the same identifier (name{figure.
11}) has been already used, duplicate ignored
<argument> ...shipout:D \box_use:N \l_shipout_box 
                                                  
l.280 
       <./report_files/figure-latex/makeGraph10-1.pdf> <./report_files/figure-l
atex/makeGraph11-1.pdf>]
<report_files/figure-latex/makeGraph13-1.pdf, id=189, 1156.32pt x 433.62pt>
File: report_files/figure-latex/makeGraph13-1.pdf Graphic file (type pdf)
<use report_files/figure-latex/makeGraph13-1.pdf>
Package pdftex.def Info: report_files/figure-latex/makeGraph13-1.pdf  used on i
nput line 282.
(pdftex.def)             Requested size: 469.75385pt x 176.15768pt.

Underfull \hbox (badness 10000) in paragraph at lines 282--282
[][]
 []

<report_files/figure-latex/makeGraph14-1.pdf, id=190, 1156.32pt x 433.62pt>
File: report_files/figure-latex/makeGraph14-1.pdf Graphic file (type pdf)
<use report_files/figure-latex/makeGraph14-1.pdf>
Package pdftex.def Info: report_files/figure-latex/makeGraph14-1.pdf  used on i
nput line 286.
(pdftex.def)             Requested size: 469.75385pt x 176.15768pt.

Underfull \hbox (badness 10000) in paragraph at lines 286--286
[][]
 []

[13pdfTeX warning (ext4): destination with the same identifier (name{figure.12}
) has been already used, duplicate ignored
<argument> ...shipout:D \box_use:N \l_shipout_box 
                                                  
l.288 
      pdfTeX warning (ext4): destination with the same identifier (name{figure.
13}) has been already used, duplicate ignored
<argument> ...shipout:D \box_use:N \l_shipout_box 
                                                  
l.288 
       <./report_files/figure-latex/makeGraph12-1.pdf> <./report_files/figure-l
atex/makeGraph13-1.pdf>]
<report_files/figure-latex/makeGraph15-1.pdf, id=208, 1156.32pt x 433.62pt>
File: report_files/figure-latex/makeGraph15-1.pdf Graphic file (type pdf)
<use report_files/figure-latex/makeGraph15-1.pdf>
Package pdftex.def Info: report_files/figure-latex/makeGraph15-1.pdf  used on i
nput line 290.
(pdftex.def)             Requested size: 469.75385pt x 176.15768pt.

Underfull \hbox (badness 10000) in paragraph at lines 290--290
[][]
 []

[14pdfTeX warning (ext4): destination with the same identifier (name{figure.14}
) has been already used, duplicate ignored
<argument> ...shipout:D \box_use:N \l_shipout_box 
                                                  
l.312 
      pdfTeX warning (ext4): destination with the same identifier (name{figure.
15}) has been already used, duplicate ignored
<argument> ...shipout:D \box_use:N \l_shipout_box 
                                                  
l.312 
       <./report_files/figure-latex/makeGraph14-1.pdf> <./report_files/figure-l
atex/makeGraph15-1.pdf>]
<report_files/figure-latex/makeGraph16-1.pdf, id=225, 578.16pt x 433.62pt>
File: report_files/figure-latex/makeGraph16-1.pdf Graphic file (type pdf)
<use report_files/figure-latex/makeGraph16-1.pdf>
Package pdftex.def Info: report_files/figure-latex/makeGraph16-1.pdf  used on i
nput line 314.
(pdftex.def)             Requested size: 469.75385pt x 352.31538pt.

Underfull \hbox (badness 10000) in paragraph at lines 314--314
[][]
 []

[15pdfTeX warning (ext4): destination with the same identifier (name{figure.16}
) has been already used, duplicate ignored
<argument> ...shipout:D \box_use:N \l_shipout_box 
                                                  
l.321 
       <./report_files/figure-latex/makeGraph16-1.pdf>] [16] [17] (./report.aux
)
Package rerunfilecheck Info: File `report.out' has not changed.
(rerunfilecheck)             Checksum: 75B7ECEC8A26DE5819B1E8B28EEF5154;847.
 ) 
Here is how much of TeX's memory you used:
 10641 strings out of 481330
 154962 string characters out of 5917164
 437415 words of memory out of 5000000
 27256 multiletter control sequences out of 15000+600000
 466804 words of font info for 81 fonts, out of 8000000 for 9000
 14 hyphenation exceptions out of 8191
 66i,6n,72p,240b,335s stack positions out of 5000i,500n,10000p,200000b,80000s
{/Users/xeon/Library/TinyTeX/texmf-dist/fonts/enc/dvips/lm/lm-mathex.enc}{/Us
ers/xeon/Library/TinyTeX/texmf-dist/fonts/enc/dvips/lm/lm-mathit.enc}{/Users/xe
on/Library/TinyTeX/texmf-dist/fonts/enc/dvips/lm/lm-rm.enc}{/Users/xeon/Library
/TinyTeX/texmf-dist/fonts/enc/dvips/lm/lm-mathsy.enc}{/Users/xeon/Library/TinyT
eX/texmf-dist/fonts/enc/dvips/lm/lm-ts1.enc}{/Users/xeon/Library/TinyTeX/texmf-
dist/fonts/enc/dvips/lm/lm-ec.enc}</Users/xeon/Library/TinyTeX/texmf-dist/fonts
/type1/public/lm/lmbx10.pfb></Users/xeon/Library/TinyTeX/texmf-dist/fonts/type1
/public/lm/lmbx12.pfb></Users/xeon/Library/TinyTeX/texmf-dist/fonts/type1/publi
c/lm/lmex10.pfb></Users/xeon/Library/TinyTeX/texmf-dist/fonts/type1/public/lm/l
mmi12.pfb></Users/xeon/Library/TinyTeX/texmf-dist/fonts/type1/public/lm/lmmi8.p
fb></Users/xeon/Library/TinyTeX/texmf-dist/fonts/type1/public/lm/lmr10.pfb></Us
ers/xeon/Library/TinyTeX/texmf-dist/fonts/type1/public/lm/lmr12.pfb></Users/xeo
n/Library/TinyTeX/texmf-dist/fonts/type1/public/lm/lmr17.pfb></Users/xeon/Libra
ry/TinyTeX/texmf-dist/fonts/type1/public/lm/lmr7.pfb></Users/xeon/Library/TinyT
eX/texmf-dist/fonts/type1/public/lm/lmr8.pfb></Users/xeon/Library/TinyTeX/texmf
-dist/fonts/type1/public/lm/lmsy10.pfb>
Output written on report.pdf (17 pages, 287644 bytes).
PDF statistics:
 318 PDF objects out of 1000 (max. 8388607)
 253 compressed objects within 3 object streams
 52 named destinations out of 1000 (max. 500000)
 153 words of extra memory for PDF output out of 10000 (max. 10000000)

